kotlin version: 2.2.0
error message: java.nio.file.InvalidPathException: Illegal char <:> at index 106: C:\APPS\ST239\st225_Couple-Maker-Kiss-Creator\app\build\tmp\kotlin-classes\debug\META-INF\ST239_Pony Maker: OC Maker 5_V1.0.0_03.26.2026_debug.kotlin_module
	at java.base/sun.nio.fs.WindowsPathParser.normalize(Unknown Source)
	at java.base/sun.nio.fs.WindowsPathParser.parse(Unknown Source)
	at java.base/sun.nio.fs.WindowsPathParser.parse(Unknown Source)
	at java.base/sun.nio.fs.WindowsPath.parse(Unknown Source)
	at java.base/sun.nio.fs.WindowsFileSystem.getPath(Unknown Source)
	at java.base/java.io.File.toPath(Unknown Source)
	at org.jetbrains.kotlin.incremental.TransactionOutputsRegistrar.add(CompilationTransaction.kt:279)
	at org.jetbrains.kotlin.compilerRunner.MessageCollectorToOutputItemsCollectorAdapter.report(MessageCollectorToOutputItemsCollectorAdapter.kt:31)
	at org.jetbrains.kotlin.cli.common.messages.GroupingMessageCollector.report(GroupingMessageCollector.java:55)
	at org.jetbrains.kotlin.cli.common.messages.MessageCollector.report$default(MessageCollector.kt:12)
	at org.jetbrains.kotlin.cli.common.output.OutputUtilsKt.writeAll$lambda$0(outputUtils.kt:54)
	at org.jetbrains.kotlin.cli.common.output.OutputUtilsKt.writeAll(outputUtils.kt:31)
	at org.jetbrains.kotlin.cli.common.output.OutputUtilsKt.writeAll(outputUtils.kt:53)
	at org.jetbrains.kotlin.cli.jvm.compiler.CliCompilerUtilsKt.writeOutput(cliCompilerUtils.kt:111)
	at org.jetbrains.kotlin.cli.jvm.compiler.CliCompilerUtilsKt.writeOutputsIfNeeded(cliCompilerUtils.kt:131)
	at org.jetbrains.kotlin.cli.pipeline.jvm.JvmBackendPipelinePhase.executePhase(JvmBackendPipelinePhase.kt:106)
	at org.jetbrains.kotlin.cli.pipeline.jvm.JvmBackendPipelinePhase.executePhase(JvmBackendPipelinePhase.kt:36)
	at org.jetbrains.kotlin.cli.pipeline.jvm.JvmBackendPipelinePhase.executePhase(JvmBackendPipelinePhase.kt:29)
	at org.jetbrains.kotlin.cli.pipeline.PipelinePhase.phaseBody(PipelinePhase.kt:68)
	at org.jetbrains.kotlin.cli.pipeline.PipelinePhase.phaseBody(PipelinePhase.kt:58)
	at org.jetbrains.kotlin.config.phaser.NamedCompilerPhase.invoke(CompilerPhase.kt:102)
	at org.jetbrains.kotlin.backend.common.phaser.CompositePhase.invoke(PhaseBuilders.kt:22)
	at org.jetbrains.kotlin.config.phaser.CompilerPhaseKt.invokeToplevel(CompilerPhase.kt:53)
	at org.jetbrains.kotlin.cli.pipeline.AbstractCliPipeline.runPhasedPipeline(AbstractCliPipeline.kt:109)
	at org.jetbrains.kotlin.cli.pipeline.AbstractCliPipeline.execute(AbstractCliPipeline.kt:68)
	at org.jetbrains.kotlin.cli.jvm.K2JVMCompiler.doExecutePhased(K2JVMCompiler.kt:78)
	at org.jetbrains.kotlin.cli.jvm.K2JVMCompiler.doExecutePhased(K2JVMCompiler.kt:44)
	at org.jetbrains.kotlin.cli.common.CLICompiler.execImpl(CLICompiler.kt:90)
	at org.jetbrains.kotlin.cli.common.CLICompiler.exec(CLICompiler.kt:352)
	at org.jetbrains.kotlin.incremental.IncrementalJvmCompilerRunnerBase.runCompiler(IncrementalJvmCompilerRunnerBase.kt:175)
	at org.jetbrains.kotlin.incremental.IncrementalJvmCompilerRunnerBase.runCompiler(IncrementalJvmCompilerRunnerBase.kt:38)
	at org.jetbrains.kotlin.incremental.IncrementalCompilerRunner.doCompile(IncrementalCompilerRunner.kt:504)
	at org.jetbrains.kotlin.incremental.IncrementalCompilerRunner.compileImpl(IncrementalCompilerRunner.kt:421)
	at org.jetbrains.kotlin.incremental.IncrementalCompilerRunner.compileNonIncrementally(IncrementalCompilerRunner.kt:306)
	at org.jetbrains.kotlin.incremental.IncrementalCompilerRunner.compile(IncrementalCompilerRunner.kt:133)
	at org.jetbrains.kotlin.daemon.CompileServiceImplBase.execIncrementalCompiler(CompileServiceImpl.kt:679)
	at org.jetbrains.kotlin.daemon.CompileServiceImplBase.access$execIncrementalCompiler(CompileServiceImpl.kt:93)
	at org.jetbrains.kotlin.daemon.CompileServiceImpl.compile(CompileServiceImpl.kt:1806)
	at java.base/jdk.internal.reflect.DirectMethodHandleAccessor.invoke(Unknown Source)
	at java.base/java.lang.reflect.Method.invoke(Unknown Source)
	at java.rmi/sun.rmi.server.UnicastServerRef.dispatch(Unknown Source)
	at java.rmi/sun.rmi.transport.Transport$1.run(Unknown Source)
	at java.rmi/sun.rmi.transport.Transport$1.run(Unknown Source)
	at java.base/java.security.AccessController.doPrivileged(Unknown Source)
	at java.rmi/sun.rmi.transport.Transport.serviceCall(Unknown Source)
	at java.rmi/sun.rmi.transport.tcp.TCPTransport.handleMessages(Unknown Source)
	at java.rmi/sun.rmi.transport.tcp.TCPTransport$ConnectionHandler.run0(Unknown Source)
	at java.rmi/sun.rmi.transport.tcp.TCPTransport$ConnectionHandler.lambda$run$0(Unknown Source)
	at java.base/java.security.AccessController.doPrivileged(Unknown Source)
	at java.rmi/sun.rmi.transport.tcp.TCPTransport$ConnectionHandler.run(Unknown Source)
	at java.base/java.util.concurrent.ThreadPoolExecutor.runWorker(Unknown Source)
	at java.base/java.util.concurrent.ThreadPoolExecutor$Worker.run(Unknown Source)
	at java.base/java.lang.Thread.run(Unknown Source)


